<?xml version="1.0" encoding="UTF-8"?>
<testng-results ignored="0" total="1" passed="1" failed="0" skipped="0">
  <reporter-output>
  </reporter-output>
  <suite started-at="2018-04-27T15:51:47Z" name="Default suite" finished-at="2018-04-27T15:53:44Z" duration-ms="116253">
    <groups>
    </groups>
    <test started-at="2018-04-27T15:51:47Z" name="Default test" finished-at="2018-04-27T15:53:44Z" duration-ms="116253">
      <class name="Executions.ChangePasswordExecutions">
        <test-method signature="Signin()[pri:0, instance:Executions.ChangePasswordExecutions@5ba3f27a]" started-at="2018-04-27T15:51:47Z" name="Signin" finished-at="2018-04-27T15:53:44Z" duration-ms="116233" status="PASS">
          <reporter-output>
          </reporter-output>
        </test-method> <!-- Signin -->
      </class> <!-- Executions.ChangePasswordExecutions -->
    </test> <!-- Default test -->
  </suite> <!-- Default suite -->
</testng-results>
